<?xml version="1.0" encoding="UTF-8"?>
<testng-results skipped="0" failed="0" total="2" passed="2">
  <reporter-output>
  </reporter-output>
  <suite name="Default suite" duration-ms="102936" started-at="2017-07-22T10:38:32Z" finished-at="2017-07-22T10:40:15Z">
    <groups>
    </groups>
    <test name="Default test" duration-ms="102936" started-at="2017-07-22T10:38:32Z" finished-at="2017-07-22T10:40:15Z">
      <class name="MakeMyTripAutomation.FlightBooking">
        <test-method status="PASS" signature="config()[pri:0, instance:MakeMyTripAutomation.FlightBooking@aa5eb0]" name="config" is-config="true" duration-ms="1670" started-at="2017-07-22T16:08:32Z" finished-at="2017-07-22T16:08:33Z">
          <reporter-output>
          </reporter-output>
        </test-method> <!-- config -->
        <test-method status="PASS" signature="BookFlight_OneWay()[pri:0, instance:MakeMyTripAutomation.FlightBooking@aa5eb0]" name="BookFlight_OneWay" duration-ms="53901" started-at="2017-07-22T16:08:33Z" finished-at="2017-07-22T16:09:27Z">
          <reporter-output>
          </reporter-output>
        </test-method> <!-- BookFlight_OneWay -->
        <test-method status="PASS" signature="generateReports(org.testng.ITestResult)[pri:0, instance:MakeMyTripAutomation.FlightBooking@aa5eb0]" name="generateReports" is-config="true" duration-ms="2966" started-at="2017-07-22T16:09:27Z" finished-at="2017-07-22T16:09:30Z">
          <params>
            <param index="0">
              <value>
                <![CDATA[[TestResult name=BookFlight_OneWay status=SUCCESS method=FlightBooking.BookFlight_OneWay()[pri:0, instance:MakeMyTripAutomation.FlightBooking@aa5eb0] output={null}]]]>
              </value>
            </param>
          </params>
          <reporter-output>
          </reporter-output>
        </test-method> <!-- generateReports -->
        <test-method status="PASS" signature="BookFlight_RoundTrip()[pri:0, instance:MakeMyTripAutomation.FlightBooking@aa5eb0]" name="BookFlight_RoundTrip" duration-ms="42399" started-at="2017-07-22T16:09:30Z" finished-at="2017-07-22T16:10:13Z">
          <reporter-output>
          </reporter-output>
        </test-method> <!-- BookFlight_RoundTrip -->
        <test-method status="PASS" signature="generateReports(org.testng.ITestResult)[pri:0, instance:MakeMyTripAutomation.FlightBooking@aa5eb0]" name="generateReports" is-config="true" duration-ms="1508" started-at="2017-07-22T16:10:13Z" finished-at="2017-07-22T16:10:14Z">
          <params>
            <param index="0">
              <value>
                <![CDATA[[TestResult name=BookFlight_RoundTrip status=SUCCESS method=FlightBooking.BookFlight_RoundTrip()[pri:0, instance:MakeMyTripAutomation.FlightBooking@aa5eb0] output={null}]]]>
              </value>
            </param>
          </params>
          <reporter-output>
          </reporter-output>
        </test-method> <!-- generateReports -->
        <test-method status="PASS" signature="tearDown()[pri:0, instance:MakeMyTripAutomation.FlightBooking@aa5eb0]" name="tearDown" is-config="true" duration-ms="482" started-at="2017-07-22T16:10:14Z" finished-at="2017-07-22T16:10:15Z">
          <reporter-output>
          </reporter-output>
        </test-method> <!-- tearDown -->
      </class> <!-- MakeMyTripAutomation.FlightBooking -->
    </test> <!-- Default test -->
  </suite> <!-- Default suite -->
</testng-results>
